<?xml version="1.0" encoding="UTF-8"?>
<!-- Generated by org.testng.reporters.JUnitXMLReporter -->
<testsuite hostname="DESKTOP-TJTKRD5" ignored="0" name="Default test" tests="3" failures="0" timestamp="19 Apr 2019 23:41:10 GMT" time="1.805" errors="0">
  <testcase name="Comments" time="1.471" classname="restAPI.GetMethodSpec"/>
  <testcase name="Posts" time="0.115" classname="restAPI.GetMethodSpec"/>
  <testcase name="Users" time="0.191" classname="restAPI.GetMethodSpec"/>
</testsuite> <!-- Default test -->
