<?xml version="1.0" encoding="UTF-8"?>
<testng-results skipped="0" failed="0" ignored="0" total="3" passed="3">
  <reporter-output>
  </reporter-output>
  <suite name="Default suite" duration-ms="1805" started-at="2019-04-19T23:41:09Z" finished-at="2019-04-19T23:41:10Z">
    <groups>
    </groups>
    <test name="Default test" duration-ms="1805" started-at="2019-04-19T23:41:09Z" finished-at="2019-04-19T23:41:10Z">
      <class name="restAPI.GetMethodSpec">
        <test-method status="PASS" signature="Comments()[pri:0, instance:restAPI.GetMethodSpec@68be2bc2]" name="Comments" duration-ms="1471" started-at="2019-04-19T23:41:09Z" finished-at="2019-04-19T23:41:10Z">
          <reporter-output>
          </reporter-output>
        </test-method> <!-- Comments -->
        <test-method status="PASS" signature="Posts()[pri:0, instance:restAPI.GetMethodSpec@68be2bc2]" name="Posts" duration-ms="115" started-at="2019-04-19T23:41:10Z" finished-at="2019-04-19T23:41:10Z">
          <reporter-output>
          </reporter-output>
        </test-method> <!-- Posts -->
        <test-method status="PASS" signature="Users()[pri:0, instance:restAPI.GetMethodSpec@68be2bc2]" name="Users" duration-ms="191" started-at="2019-04-19T23:41:10Z" finished-at="2019-04-19T23:41:10Z">
          <reporter-output>
          </reporter-output>
        </test-method> <!-- Users -->
      </class> <!-- restAPI.GetMethodSpec -->
    </test> <!-- Default test -->
  </suite> <!-- Default suite -->
</testng-results>
